<?xml version="1.0" encoding="UTF-8"?>
<!-- Generated by org.testng.reporters.JUnitReportReporter -->
<testsuite hostname="LT034297" name="Regression.US.FullFlow" tests="1" failures="0" timestamp="22 Sep 2017 10:26:42 GMT" time="205.387" errors="0">
  <testcase name="nPlate" time="205.387" classname="Regression.US.FullFlow"/>
</testsuite> <!-- Regression.US.FullFlow -->
