<?xml version="1.0" encoding="UTF-8"?>
<!-- Generated by org.testng.reporters.JUnitReportReporter -->
<testsuite hostname="LT034297" name="com.framework.utility.FinalTest" tests="1" failures="0" timestamp="22 Sep 2017 10:26:42 GMT" time="0.048" errors="0">
  <testcase name="FinalTestReport" time="0.048" classname="com.framework.utility.FinalTest"/>
</testsuite> <!-- com.framework.utility.FinalTest -->
